<?xml version="1.0" encoding="UTF-8"?>
<!-- Generated by org.testng.reporters.JUnitReportReporter -->
<testsuite skipped="0" hostname="apples-MacBook-Pro.local" name="com.MyProject.FrameworkDemo.VerifyLoginWithInValidCredentials" tests="1" failures="0" timestamp="2021-08-30T15:59:00 IST" time="2.122" errors="0">
  <testcase name="verifyLogin" time="2.122" classname="com.MyProject.FrameworkDemo.VerifyLoginWithInValidCredentials"/>
</testsuite> <!-- com.MyProject.FrameworkDemo.VerifyLoginWithInValidCredentials -->
