<?xml version="1.0" encoding="UTF-8"?>
<!-- Generated by org.testng.reporters.JUnitReportReporter -->
<testsuite skipped="0" hostname="apples-MacBook-Pro.local" name="com.MyProject.FrameworkDemo.VerifyForgotPassword" tests="1" failures="0" timestamp="2021-08-30T15:58:55 IST" time="0.064" errors="0">
  <testcase name="verifyForgotPasswordStatus" time="0.064" classname="com.MyProject.FrameworkDemo.VerifyForgotPassword"/>
</testsuite> <!-- com.MyProject.FrameworkDemo.VerifyForgotPassword -->
