<?xml version="1.0" encoding="UTF-8"?>
<!-- Generated by org.testng.reporters.JUnitReportReporter -->
<testsuite skipped="0" hostname="apples-MacBook-Pro.local" name="com.MyProject.FrameworkDemo.VerifyLoginWithInValidCredentials" tests="1" failures="0" timestamp="2021-08-31T10:45:49 IST" time="1.658" errors="0">
  <testcase name="verifyLogin" time="1.658" classname="com.MyProject.FrameworkDemo.VerifyLoginWithInValidCredentials"/>
</testsuite> <!-- com.MyProject.FrameworkDemo.VerifyLoginWithInValidCredentials -->
