<?xml version="1.0" encoding="UTF-8"?>
<!-- Generated by org.testng.reporters.JUnitReportReporter -->
<testsuite skipped="0" hostname="apples-MacBook-Pro.local" name="com.MyProject.FrameworkDemo.VerifyPageNavigations" tests="1" failures="0" timestamp="2021-09-01T17:35:52 IST" time="0.072" errors="0">
  <testcase name="verifyPageNavigatedToHome" time="0.072" classname="com.MyProject.FrameworkDemo.VerifyPageNavigations"/>
</testsuite> <!-- com.MyProject.FrameworkDemo.VerifyPageNavigations -->
